{
  "stats": {
    "suites": 1,
    "tests": 1,
    "passes": 1,
    "pending": 0,
    "failures": 0,
    "testsRegistered": 1,
    "passPercent": 100,
    "pendingPercent": 0,
    "other": 0,
    "hasOther": false,
    "skipped": 0,
    "hasSkipped": false,
    "start": "2025-11-20T14:06:01.083Z",
    "end": "2025-11-20T14:06:17.042Z",
    "duration": 15959
  },
  "results": [
    {
      "uuid": "bee34a1b-ab73-423e-8ed5-cf483f20ca56",
      "title": "",
      "fullFile": "cypress\\e2e\\integration\\01_Login.cy.js",
      "file": "cypress\\e2e\\integration\\01_Login.cy.js",
      "beforeHooks": [],
      "afterHooks": [],
      "tests": [],
      "suites": [
        {
          "uuid": "bf6c69fb-ab37-4ea2-ac6a-fd92c6d3748e",
          "title": "loginSession",
          "fullFile": "",
          "file": "",
          "beforeHooks": [],
          "afterHooks": [],
          "tests": [
            {
              "title": "Successfully Login and Verify Dashboard",
              "fullTitle": "loginSession Successfully Login and Verify Dashboard",
              "timedOut": null,
              "duration": 15918,
              "state": "passed",
              "speed": "slow",
              "pass": true,
              "fail": false,
              "pending": false,
              "context": null,
              "code": "cy.loginWithSession();",
              "err": {},
              "uuid": "5c54e1f7-e115-4aff-ac47-1b9cb14a286c",
              "parentUUID": "bf6c69fb-ab37-4ea2-ac6a-fd92c6d3748e",
              "isHook": false,
              "skipped": false
            }
          ],
          "suites": [],
          "passes": [
            "5c54e1f7-e115-4aff-ac47-1b9cb14a286c"
          ],
          "failures": [],
          "pending": [],
          "skipped": [],
          "duration": 15918,
          "root": false,
          "rootEmpty": false,
          "_timeout": 2000
        }
      ],
      "passes": [],
      "failures": [],
      "pending": [],
      "skipped": [],
      "duration": 0,
      "root": true,
      "rootEmpty": true,
      "_timeout": 2000
    }
  ],
  "meta": {
    "mocha": {
      "version": "7.2.0"
    },
    "mochawesome": {
      "options": {
        "quiet": false,
        "reportFilename": "[status]-[datetime]-[name]-report",
        "saveHtml": false,
        "saveJson": true,
        "consoleReporter": "spec",
        "useInlineDiffs": false,
        "code": true
      },
      "version": "7.1.4"
    },
    "marge": {
      "options": {
        "reportDir": "reports\\mocha\\.jsons",
        "reportFilename": "[status]-[datetime]-[name]-report",
        "overwrite": false,
        "html": false,
        "json": true,
        "charts": true,
        "reportPageTitle": "BAC Automation Mocha Report",
        "embeddedScreenshots": true,
        "inlineAssets": true
      },
      "version": "6.3.2"
    }
  }
}